<?xml version="1.0" encoding="utf-8"?><testsuites><testsuite name="pytest" errors="0" failures="0" skipped="0" tests="0" time="0.024" timestamp="2023-08-23T12:00:05.780236" hostname="5bb5abf610a3" /></testsuites>